<?xml version="1.0" encoding="UTF-8"?>
<!-- Generated by org.testng.reporters.JUnitReportReporter -->
<testsuite skipped="0" hostname="Alain-workstation" name="testing.Add_category_testing" tests="1" failures="0" timestamp="2021-07-11T11:31:20 CDT" time="17.032" errors="0">
  <testcase name="add_category_testing" time="17.032" classname="testing.Add_category_testing"/>
  <system-out/>
</testsuite> <!-- testing.Add_category_testing -->
