<?xml version="1.0" encoding="UTF-8"?>
<!-- Generated by org.testng.reporters.JUnitReportReporter -->
<testsuite skipped="0" hostname="Alain-workstation" name="testing.Duplicate_category_testing" tests="1" failures="0" timestamp="2021-07-11T12:54:25 CDT" time="17.217" errors="0">
  <testcase name="add_category_testing" time="17.217" classname="testing.Duplicate_category_testing"/>
  <system-out/>
</testsuite> <!-- testing.Duplicate_category_testing -->
