<?xml version="1.0" encoding="UTF-8"?>
<!-- Generated by org.testng.reporters.JUnitReportReporter -->
<testsuite skipped="0" hostname="Alain-workstation" name="testing.Due_months_testing" tests="1" failures="0" timestamp="2021-07-11T14:15:27 CDT" time="13.042" errors="0">
  <testcase name="due_months_testing" time="13.042" classname="testing.Due_months_testing"/>
  <system-out/>
</testsuite> <!-- testing.Due_months_testing -->
